<?xml version="1.0" encoding="UTF-8"?>
<!-- Generated by org.testng.reporters.JUnitXMLReporter -->
<testsuite ignored="0" hostname="DESKTOP-4OEFA77" failures="1" tests="1" name="Test" time="6.608" errors="0" timestamp="2024-10-02T19:21:37 IST">
  <testcase classname="testCases.RegistrationTest" name="login" time="3.582">
    <failure type="java.lang.AssertionError" message="expected [Your Account Has Been Created!s] but found [Your Account Has Been Created!]">
      <![CDATA[java.lang.AssertionError: expected [Your Account Has Been Created!s] but found [Your Account Has Been Created!]
at testCases.RegistrationTest.login(RegistrationTest.java:50)
at java.base/java.util.ArrayList.forEach(ArrayList.java:1597)
... Removed 35 stack frames]]>
    </failure>
  </testcase> <!-- login -->
</testsuite> <!-- Test -->
